TN:
SF:app.js
FN:21,(anonymous_0)
FN:42,(anonymous_1)
FN:43,(anonymous_2)
FN:57,(anonymous_3)
FN:70,(anonymous_4)
FNF:5
FNH:0
FNDA:0,(anonymous_0)
FNDA:0,(anonymous_1)
FNDA:0,(anonymous_2)
FNDA:0,(anonymous_3)
FNDA:0,(anonymous_4)
DA:13,4
DA:14,4
DA:16,4
DA:17,4
DA:18,4
DA:20,4
DA:21,0
DA:22,0
DA:28,4
DA:31,4
DA:32,4
DA:36,4
DA:38,0
DA:42,0
DA:44,0
DA:45,0
DA:50,4
DA:51,4
DA:52,4
DA:53,4
DA:57,4
DA:58,0
DA:60,0
DA:61,0
DA:66,4
DA:68,4
DA:70,0
DA:72,0
LF:28
LH:17
BRDA:20,0,0,0
BRDA:20,0,1,4
BRDA:36,1,0,0
BRDA:36,1,1,4
BRDA:66,2,0,4
BRDA:66,2,1,0
BRDA:68,3,0,0
BRDA:68,3,1,4
BRF:8
BRH:4
end_of_record
TN:
SF:instrument.js
FN:33,(anonymous_0)
FNF:1
FNH:1
FNDA:4,(anonymous_0)
DA:7,4
DA:27,4
DA:29,4
DA:38,4
LF:4
LH:4
BRF:0
BRH:0
end_of_record
TN:
SF:constants\enums.js
FN:12,(anonymous_0)
FNF:1
FNH:1
FNDA:5,(anonymous_0)
DA:7,4
DA:10,4
DA:12,4
DA:13,5
DA:14,5
DA:15,5
DA:16,5
DA:17,1
DA:22,4
LF:9
LH:9
BRDA:16,0,0,1
BRDA:16,0,1,4
BRF:2
BRH:2
end_of_record
TN:
SF:controllers\v1\BookingsController.js
FN:32,(anonymous_0)
FN:68,(anonymous_1)
FN:140,(anonymous_2)
FN:244,(anonymous_3)
FN:267,(anonymous_4)
FN:352,(anonymous_5)
FNF:6
FNH:6
FNDA:2,(anonymous_0)
FNDA:4,(anonymous_1)
FNDA:4,(anonymous_2)
FNDA:2,(anonymous_3)
FNDA:5,(anonymous_4)
FNDA:3,(anonymous_5)
DA:19,4
DA:22,4
DA:24,4
DA:32,4
DA:33,2
DA:36,2
DA:40,2
DA:41,2
DA:45,1
DA:47,1
DA:49,0
DA:53,2
DA:55,2
DA:68,4
DA:69,4
DA:70,4
DA:72,3
DA:78,3
DA:80,3
DA:81,1
DA:86,2
DA:88,2
DA:90,2
DA:95,2
DA:97,2
DA:98,1
DA:103,1
DA:109,1
DA:111,1
DA:140,4
DA:141,4
DA:146,4
DA:147,4
DA:149,3
DA:151,3
DA:152,1
DA:157,2
DA:158,1
DA:165,1
DA:167,1
DA:168,1
DA:170,1
DA:171,1
DA:172,1
DA:174,1
DA:175,1
DA:176,1
DA:177,1
DA:178,1
DA:179,1
DA:180,1
DA:181,1
DA:183,1
DA:184,1
DA:185,1
DA:186,1
DA:187,1
DA:189,1
DA:201,1
DA:218,1
DA:220,1
DA:223,1
DA:225,1
DA:229,1
DA:231,2
DA:233,2
DA:244,4
DA:245,2
DA:246,2
DA:247,2
DA:249,1
DA:251,1
DA:253,1
DA:267,4
DA:268,5
DA:272,5
DA:273,5
DA:274,5
DA:275,4
DA:277,4
DA:278,1
DA:283,3
DA:285,3
DA:286,1
DA:293,2
DA:294,1
DA:301,1
DA:302,1
DA:303,1
DA:307,1
DA:310,1
DA:312,1
DA:313,0
DA:314,0
DA:318,0
DA:321,0
DA:323,0
DA:326,1
DA:327,1
DA:328,1
DA:331,1
DA:332,1
DA:333,1
DA:336,1
DA:338,1
DA:340,1
DA:352,4
DA:353,3
DA:354,3
DA:356,2
DA:357,1
DA:364,1
DA:366,1
DA:367,1
DA:368,1
DA:370,1
DA:371,1
DA:375,1
DA:377,1
LF:119
LH:113
BRDA:80,0,0,1
BRDA:80,0,1,2
BRDA:97,1,0,1
BRDA:97,1,1,1
BRDA:97,2,0,2
BRDA:97,2,1,2
BRDA:105,3,0,1
BRDA:105,3,1,0
BRDA:151,4,0,1
BRDA:151,4,1,2
BRDA:157,5,0,1
BRDA:157,5,1,1
BRDA:277,6,0,1
BRDA:277,6,1,3
BRDA:277,7,0,4
BRDA:277,7,1,3
BRDA:285,8,0,1
BRDA:285,8,1,2
BRDA:293,9,0,1
BRDA:293,9,1,1
BRDA:301,10,0,1
BRDA:301,10,1,0
BRDA:302,11,0,1
BRDA:302,11,1,0
BRDA:313,12,0,0
BRDA:313,12,1,0
BRDA:356,13,0,1
BRDA:356,13,1,1
BRDA:356,14,0,2
BRDA:356,14,1,1
BRF:30
BRH:25
end_of_record
TN:
SF:controllers\v1\authopera.js
FN:37,(anonymous_0)
FN:86,(anonymous_1)
FN:171,(anonymous_2)
FN:260,(anonymous_3)
FN:327,(anonymous_4)
FNF:5
FNH:4
FNDA:5,(anonymous_0)
FNDA:3,(anonymous_1)
FNDA:0,(anonymous_2)
FNDA:4,(anonymous_3)
FNDA:2,(anonymous_4)
DA:20,4
DA:23,4
DA:25,4
DA:27,4
DA:29,4
DA:37,4
DA:38,5
DA:40,5
DA:43,5
DA:44,5
DA:45,5
DA:48,5
DA:50,5
DA:52,5
DA:53,5
DA:54,5
DA:61,5
DA:62,1
DA:67,4
DA:69,4
DA:71,3
DA:73,3
DA:77,2
DA:78,2
DA:80,2
DA:86,4
DA:87,3
DA:90,3
DA:92,3
DA:93,3
DA:95,3
DA:100,3
DA:101,1
DA:107,2
DA:110,2
DA:120,2
DA:122,2
DA:123,2
DA:124,2
DA:126,2
DA:135,2
DA:142,1
DA:143,1
DA:145,1
DA:149,1
DA:151,1
DA:171,4
DA:172,0
DA:174,0
DA:176,0
DA:177,0
DA:180,0
DA:181,0
DA:185,0
DA:187,0
DA:188,0
DA:193,0
DA:194,0
DA:200,0
DA:201,0
DA:202,0
DA:205,0
DA:206,0
DA:207,0
DA:208,0
DA:211,0
DA:213,0
DA:214,0
DA:215,0
DA:216,0
DA:223,0
DA:225,0
DA:227,0
DA:228,0
DA:234,0
DA:236,0
DA:237,0
DA:238,0
DA:240,0
DA:245,0
DA:247,0
DA:260,4
DA:261,4
DA:263,4
DA:264,4
DA:266,4
DA:267,4
DA:268,4
DA:270,4
DA:272,4
DA:273,1
DA:278,3
DA:279,3
DA:281,3
DA:283,2
DA:285,2
DA:286,1
DA:290,1
DA:291,1
DA:293,1
DA:295,1
DA:297,1
DA:299,1
DA:309,1
DA:311,1
DA:313,1
DA:315,1
DA:327,4
DA:328,2
DA:329,2
DA:330,2
DA:331,2
DA:333,2
DA:334,2
DA:335,2
DA:337,2
DA:339,2
DA:341,2
DA:342,2
DA:344,2
DA:346,2
DA:348,1
DA:350,1
LF:123
LH:89
BRDA:61,0,0,1
BRDA:61,0,1,4
BRDA:100,1,0,1
BRDA:100,1,1,2
BRDA:180,2,0,0
BRDA:180,2,1,0
BRDA:193,3,0,0
BRDA:193,3,1,0
BRDA:200,4,0,0
BRDA:200,4,1,0
BRDA:205,5,0,0
BRDA:205,5,1,0
BRDA:213,6,0,0
BRDA:213,6,1,0
BRDA:227,7,0,0
BRDA:227,7,1,0
BRDA:270,8,0,3
BRDA:270,8,1,1
BRDA:272,9,0,1
BRDA:272,9,1,3
BRDA:285,10,0,1
BRDA:285,10,1,1
BRDA:331,11,0,2
BRDA:331,11,1,2
BRF:24
BRH:12
end_of_record
TN:
SF:controllers\v1\eventopera.js
FN:26,(anonymous_0)
FN:91,(anonymous_1)
FN:116,(anonymous_2)
FN:144,(anonymous_3)
FN:213,(anonymous_4)
FNF:5
FNH:5
FNDA:2,(anonymous_0)
FNDA:2,(anonymous_1)
FNDA:3,(anonymous_2)
FNDA:4,(anonymous_3)
FNDA:3,(anonymous_4)
DA:11,4
DA:14,4
DA:16,4
DA:26,4
DA:27,2
DA:38,2
DA:41,2
DA:42,2
DA:43,2
DA:44,2
DA:46,2
DA:47,2
DA:49,2
DA:50,1
DA:56,1
DA:57,1
DA:58,1
DA:70,1
DA:71,0
DA:73,1
DA:75,1
DA:91,4
DA:92,2
DA:93,2
DA:95,2
DA:96,2
DA:97,1
DA:100,1
DA:102,1
DA:116,4
DA:117,3
DA:118,3
DA:120,2
DA:121,1
DA:126,1
DA:128,1
DA:130,1
DA:144,4
DA:146,4
DA:149,4
DA:150,4
DA:151,4
DA:152,4
DA:154,4
DA:155,4
DA:157,4
DA:158,0
DA:164,4
DA:165,4
DA:166,3
DA:168,3
DA:169,1
DA:174,2
DA:176,2
DA:177,2
DA:178,2
DA:179,2
DA:180,2
DA:182,2
DA:188,2
DA:189,1
DA:193,1
DA:194,0
DA:195,0
DA:197,2
DA:199,2
DA:213,4
DA:214,3
DA:215,3
DA:216,2
DA:217,1
DA:222,1
DA:226,1
DA:228,1
LF:74
LH:70
BRDA:49,0,0,1
BRDA:49,0,1,1
BRDA:95,1,0,2
BRDA:95,1,1,0
BRDA:120,2,0,1
BRDA:120,2,1,1
BRDA:120,3,0,2
BRDA:120,3,1,1
BRDA:157,4,0,0
BRDA:157,4,1,4
BRDA:168,5,0,1
BRDA:168,5,1,2
BRDA:168,6,0,3
BRDA:168,6,1,2
BRDA:176,7,0,2
BRDA:176,7,1,0
BRDA:177,8,0,2
BRDA:177,8,1,0
BRDA:178,9,0,2
BRDA:178,9,1,0
BRDA:179,10,0,2
BRDA:179,10,1,0
BRDA:180,11,0,2
BRDA:180,11,1,0
BRDA:188,12,0,1
BRDA:188,12,1,1
BRDA:216,13,0,1
BRDA:216,13,1,1
BRDA:216,14,0,2
BRDA:216,14,1,1
BRF:30
BRH:23
end_of_record
TN:
SF:controllers\v1\generalopera.js
FN:24,(anonymous_0)
FN:65,(anonymous_1)
FN:99,(anonymous_2)
FN:148,(anonymous_3)
FNF:4
FNH:4
FNDA:3,(anonymous_0)
FNDA:2,(anonymous_1)
FNDA:3,(anonymous_2)
FNDA:3,(anonymous_3)
DA:9,4
DA:12,4
DA:14,4
DA:24,4
DA:25,3
DA:26,3
DA:33,2
DA:34,1
DA:39,1
DA:44,1
DA:45,1
DA:47,1
DA:49,1
DA:65,4
DA:66,2
DA:67,2
DA:79,1
DA:81,1
DA:83,1
DA:85,1
DA:99,4
DA:100,3
DA:101,3
DA:102,3
DA:104,3
DA:105,6
DA:106,1
DA:107,1
DA:108,1
DA:109,5
DA:110,1
DA:111,1
DA:112,4
DA:113,3
DA:114,3
DA:116,1
DA:120,3
DA:121,3
DA:122,3
DA:124,2
DA:125,1
DA:130,1
DA:132,1
DA:134,1
DA:148,4
DA:149,3
DA:150,3
DA:152,3
DA:153,3
DA:155,2
DA:156,1
DA:161,1
DA:163,1
DA:165,1
LF:54
LH:54
BRDA:33,0,0,1
BRDA:33,0,1,1
BRDA:105,1,0,1
BRDA:105,1,1,5
BRDA:109,2,0,1
BRDA:109,2,1,4
BRDA:112,3,0,3
BRDA:112,3,1,1
BRDA:124,4,0,1
BRDA:124,4,1,1
BRDA:155,5,0,1
BRDA:155,5,1,1
BRF:12
BRH:12
end_of_record
TN:
SF:messages\controllermessages.js
FNF:0
FNH:0
DA:3,4
DA:34,4
DA:65,4
DA:93,4
DA:114,4
LF:5
LH:5
BRF:0
BRH:0
end_of_record
TN:
SF:messages\othermessages.js
FNF:0
FNH:0
DA:1,4
DA:11,4
DA:18,4
LF:3
LH:3
BRF:0
BRH:0
end_of_record
TN:
SF:messages\routesmessages.js
FNF:0
FNH:0
DA:1,4
DA:19,4
DA:57,4
DA:89,4
DA:91,4
LF:5
LH:5
BRF:0
BRH:0
end_of_record
TN:
SF:middleware\Otp_Validating_middleware.js
FN:16,(anonymous_0)
FNF:1
FNH:0
FNDA:0,(anonymous_0)
DA:4,4
DA:5,4
DA:16,4
DA:18,0
DA:20,0
DA:21,0
DA:24,0
DA:25,0
DA:27,0
LF:9
LH:3
BRF:0
BRH:0
end_of_record
TN:
SF:middleware\authmiddle.js
FN:14,(anonymous_0)
FNF:1
FNH:1
FNDA:38,(anonymous_0)
DA:10,4
DA:11,4
DA:12,4
DA:15,38
DA:16,38
DA:18,38
DA:19,0
DA:24,38
DA:26,38
DA:28,38
DA:29,38
DA:31,38
DA:34,38
DA:36,37
DA:39,37
DA:40,5
DA:45,32
DA:47,32
DA:49,1
DA:51,1
LF:20
LH:19
BRDA:16,0,0,38
BRDA:16,0,1,38
BRDA:18,1,0,0
BRDA:18,1,1,38
BRDA:39,2,0,5
BRDA:39,2,1,32
BRDA:39,3,0,37
BRDA:39,3,1,32
BRF:8
BRH:7
end_of_record
TN:
SF:middleware\roleauth.js
FN:24,(anonymous_0)
FN:26,(anonymous_1)
FNF:2
FNH:2
FNDA:11,(anonymous_0)
FNDA:11,(anonymous_1)
DA:13,4
DA:15,4
DA:17,4
DA:25,11
DA:26,11
DA:27,11
DA:28,0
LF:7
LH:6
BRDA:27,0,0,0
BRDA:27,0,1,9
BRF:2
BRH:1
end_of_record
TN:
SF:models\EventBookingsDetails.js
FNF:0
FNH:0
DA:4,4
DA:5,4
DA:7,4
LF:3
LH:3
BRF:0
BRH:0
end_of_record
TN:
SF:models\EventsDetails.js
FNF:0
FNH:0
DA:4,4
DA:5,4
DA:7,4
LF:3
LH:3
BRF:0
BRH:0
end_of_record
TN:
SF:models\LocationsOfUsers.js
FNF:0
FNH:0
DA:4,4
DA:5,4
DA:7,4
LF:3
LH:3
BRF:0
BRH:0
end_of_record
TN:
SF:models\LoginLogoutDetails.js
FNF:0
FNH:0
DA:4,4
DA:5,4
DA:7,4
LF:3
LH:3
BRF:0
BRH:0
end_of_record
TN:
SF:models\UsersDetails.js
FN:30,(anonymous_0)
FNF:1
FNH:1
FNDA:83,(anonymous_0)
DA:5,4
DA:6,4
DA:8,4
DA:30,4
DA:32,83
DA:33,0
DA:34,0
DA:36,83
DA:37,83
DA:38,83
LF:10
LH:8
BRDA:32,0,0,0
BRDA:32,0,1,83
BRF:2
BRH:1
end_of_record
TN:
SF:routes\v1\BookingsRoutes.js
FN:148,(anonymous_0)
FN:320,(anonymous_1)
FN:505,(anonymous_2)
FN:662,(anonymous_3)
FN:874,(anonymous_4)
FN:1018,(anonymous_5)
FNF:6
FNH:6
FNDA:4,(anonymous_0)
FNDA:5,(anonymous_1)
FNDA:6,(anonymous_2)
FNDA:3,(anonymous_3)
FNDA:8,(anonymous_4)
FNDA:5,(anonymous_5)
DA:28,4
DA:29,4
DA:31,4
DA:145,4
DA:149,4
DA:153,4
DA:154,1
DA:160,3
DA:164,3
DA:165,1
DA:170,2
DA:172,2
DA:317,4
DA:321,5
DA:325,5
DA:326,1
DA:332,4
DA:334,4
DA:502,4
DA:507,6
DA:511,6
DA:512,1
DA:519,5
DA:521,5
DA:522,1
DA:528,4
DA:530,4
DA:659,4
DA:663,3
DA:667,3
DA:668,1
DA:673,2
DA:674,2
DA:871,4
DA:876,8
DA:880,8
DA:881,1
DA:888,7
DA:890,7
DA:891,1
DA:898,6
DA:900,6
DA:901,1
DA:907,5
DA:908,5
DA:1015,4
DA:1020,5
DA:1024,5
DA:1025,1
DA:1032,4
DA:1034,4
DA:1035,1
DA:1041,3
DA:1043,3
LF:54
LH:54
BRDA:153,0,0,1
BRDA:153,0,1,3
BRDA:164,1,0,1
BRDA:164,1,1,2
BRDA:325,2,0,1
BRDA:325,2,1,4
BRDA:511,3,0,1
BRDA:511,3,1,5
BRDA:521,4,0,1
BRDA:521,4,1,4
BRDA:667,5,0,1
BRDA:667,5,1,2
BRDA:880,6,0,1
BRDA:880,6,1,7
BRDA:890,7,0,1
BRDA:890,7,1,6
BRDA:900,8,0,1
BRDA:900,8,1,5
BRDA:1024,9,0,1
BRDA:1024,9,1,4
BRDA:1034,10,0,1
BRDA:1034,10,1,3
BRF:22
BRH:22
end_of_record
TN:
SF:routes\v1\authroutes.js
FN:163,(anonymous_0)
FN:352,(anonymous_1)
FN:470,(anonymous_2)
FN:600,(anonymous_3)
FNF:4
FNH:4
FNDA:7,(anonymous_0)
FNDA:4,(anonymous_1)
FNDA:6,(anonymous_2)
FNDA:4,(anonymous_3)
DA:24,4
DA:27,4
DA:29,4
DA:163,4
DA:165,7
DA:167,7
DA:168,1
DA:174,6
DA:175,6
DA:177,6
DA:178,1
DA:184,5
DA:185,5
DA:187,5
DA:188,5
DA:252,4
DA:349,4
DA:353,4
DA:355,4
DA:356,4
DA:362,0
DA:467,4
DA:472,6
DA:474,6
DA:475,1
DA:481,5
DA:483,5
DA:484,1
DA:490,4
DA:597,4
DA:601,4
DA:605,4
DA:607,4
DA:611,4
DA:612,2
DA:618,2
LF:36
LH:35
BRDA:167,0,0,1
BRDA:167,0,1,6
BRDA:177,1,0,1
BRDA:177,1,1,5
BRDA:355,2,0,4
BRDA:355,2,1,0
BRDA:474,3,0,1
BRDA:474,3,1,5
BRDA:483,4,0,1
BRDA:483,4,1,4
BRDA:611,5,0,2
BRDA:611,5,1,2
BRF:12
BRH:11
end_of_record
TN:
SF:routes\v1\eventroutes.js
FN:244,(anonymous_0)
FN:414,(anonymous_1)
FN:579,(anonymous_2)
FN:801,(anonymous_3)
FN:950,(anonymous_4)
FNF:5
FNH:5
FNDA:6,(anonymous_0)
FNDA:3,(anonymous_1)
FNDA:5,(anonymous_2)
FNDA:8,(anonymous_3)
FNDA:5,(anonymous_4)
DA:23,4
DA:24,4
DA:25,4
DA:27,4
DA:241,4
DA:245,6
DA:249,6
DA:250,1
DA:257,5
DA:259,5
DA:260,1
DA:266,4
DA:268,4
DA:269,1
DA:275,3
DA:277,3
DA:279,2
DA:411,4
DA:415,3
DA:419,3
DA:420,1
DA:426,2
DA:428,2
DA:576,4
DA:580,5
DA:582,5
DA:586,5
DA:587,1
DA:593,4
DA:594,1
DA:600,3
DA:602,3
DA:798,4
DA:803,8
DA:807,8
DA:809,8
DA:810,1
DA:816,7
DA:820,7
DA:821,1
DA:827,6
DA:831,6
DA:832,1
DA:838,5
DA:840,4
DA:947,4
DA:952,5
DA:956,5
DA:958,5
DA:959,1
DA:965,4
DA:969,4
DA:970,1
DA:975,3
DA:977,3
LF:55
LH:55
BRDA:249,0,0,1
BRDA:249,0,1,5
BRDA:259,1,0,1
BRDA:259,1,1,4
BRDA:268,2,0,1
BRDA:268,2,1,3
BRDA:419,3,0,1
BRDA:419,3,1,2
BRDA:586,4,0,1
BRDA:586,4,1,4
BRDA:593,5,0,1
BRDA:593,5,1,3
BRDA:809,6,0,1
BRDA:809,6,1,7
BRDA:820,7,0,1
BRDA:820,7,1,6
BRDA:831,8,0,1
BRDA:831,8,1,5
BRDA:958,9,0,1
BRDA:958,9,1,4
BRDA:969,10,0,1
BRDA:969,10,1,3
BRF:22
BRH:22
end_of_record
TN:
SF:routes\v1\generalroutes.js
FNF:0
FNH:0
DA:11,4
DA:13,4
DA:15,4
DA:101,4
DA:169,4
DA:266,4
DA:363,4
LF:7
LH:7
BRF:0
BRH:0
end_of_record
TN:
SF:validators\AllHeader.js
FNF:0
FNH:0
DA:4,4
DA:5,4
DA:7,4
LF:3
LH:3
BRF:0
BRH:0
end_of_record
TN:
SF:validators\Allparams.js
FNF:0
FNH:0
DA:4,4
DA:5,4
DA:7,4
LF:3
LH:3
BRF:0
BRH:0
end_of_record
TN:
SF:validators\EMcreateEvent.js
FN:23,(anonymous_0)
FNF:1
FNH:1
FNDA:5,(anonymous_0)
DA:4,4
DA:5,4
DA:7,4
DA:23,4
DA:24,5
DA:34,5
DA:35,34
DA:36,1
DA:43,4
LF:9
LH:9
BRDA:35,0,0,1
BRDA:35,0,1,33
BRF:2
BRH:2
end_of_record
TN:
SF:validators\EMgetEvents.js
FNF:0
FNH:0
DA:4,4
DA:5,4
DA:7,4
LF:3
LH:3
BRF:0
BRH:0
end_of_record
TN:
SF:validators\EMgetbyidEvent.js
FNF:0
FNH:0
DA:4,4
DA:5,4
DA:7,4
DA:18,4
LF:4
LH:4
BRF:0
BRH:0
end_of_record
TN:
SF:validators\EMupdateValidation.js
FNF:0
FNH:0
DA:4,4
DA:5,4
DA:7,4
DA:18,4
DA:29,4
DA:37,4
LF:6
LH:6
BRF:0
BRH:0
end_of_record
TN:
SF:validators\EMzdeleteEvent.js
FNF:0
FNH:0
DA:4,4
DA:5,4
DA:7,4
DA:18,4
DA:26,4
LF:5
LH:5
BRF:0
BRH:0
end_of_record
TN:
SF:validators\Udelete.js
FNF:0
FNH:0
DA:4,4
DA:5,4
DA:7,4
DA:18,4
DA:26,4
LF:5
LH:5
BRF:0
BRH:0
end_of_record
TN:
SF:validators\Ueventbook.js
FNF:0
FNH:0
DA:4,4
DA:5,4
DA:7,4
DA:18,4
DA:22,4
LF:5
LH:5
BRF:0
BRH:0
end_of_record
TN:
SF:validators\Ugetall.js
FNF:0
FNH:0
DA:4,4
DA:5,4
DA:7,4
LF:3
LH:3
BRF:0
BRH:0
end_of_record
TN:
SF:validators\Uloc.js
FNF:0
FNH:0
DA:4,4
DA:5,4
DA:7,4
DA:18,4
DA:22,4
LF:5
LH:5
BRF:0
BRH:0
end_of_record
TN:
SF:validators\Uupdate.js
FNF:0
FNH:0
DA:4,4
DA:6,4
DA:8,4
DA:19,4
DA:23,4
DA:31,4
LF:6
LH:6
BRF:0
BRH:0
end_of_record
TN:
SF:validators\login.js
FN:18,(anonymous_0)
FNF:1
FNH:1
FNDA:6,(anonymous_0)
DA:4,4
DA:5,4
DA:7,4
DA:18,4
DA:19,6
DA:20,6
DA:21,11
DA:22,1
DA:29,5
LF:9
LH:9
BRDA:21,0,0,1
BRDA:21,0,1,10
BRF:2
BRH:2
end_of_record
TN:
SF:validators\logout.js
FNF:0
FNH:0
DA:4,4
DA:5,4
DA:7,4
LF:3
LH:3
BRF:0
BRH:0
end_of_record
TN:
SF:validators\passwordUpdation.js
FNF:0
FNH:0
DA:4,4
DA:5,4
DA:7,4
LF:3
LH:3
BRF:0
BRH:0
end_of_record
TN:
SF:validators\registration.js
FN:20,(anonymous_0)
FNF:1
FNH:1
FNDA:7,(anonymous_0)
DA:4,4
DA:5,4
DA:7,4
DA:20,4
DA:21,7
DA:22,7
DA:23,26
DA:24,1
DA:31,6
LF:9
LH:9
BRDA:23,0,0,1
BRDA:23,0,1,25
BRF:2
BRH:2
end_of_record
